Generated at 2015-11-15 16:36:29 +0530
Chef::Exceptions::CookbookNotFound: Cookbook remote_file not found. If you're loading remote_file from another cookbook, make sure you configure the dependency in your metadata
/opt/chef/embedded/lib/ruby/gems/2.1.0/gems/chef-12.5.1/lib/chef/cookbook/cookbook_collection.rb:38:in `block in initialize'
/opt/chef/embedded/lib/ruby/gems/2.1.0/gems/ohai-8.7.0/lib/ohai/mash.rb:77:in `yield'
/opt/chef/embedded/lib/ruby/gems/2.1.0/gems/ohai-8.7.0/lib/ohai/mash.rb:77:in `default'
/opt/chef/embedded/lib/ruby/gems/2.1.0/gems/ohai-8.7.0/lib/ohai/mash.rb:77:in `default'
/opt/chef/embedded/lib/ruby/gems/2.1.0/gems/chef-12.5.1/lib/chef/run_context/cookbook_compiler.rb:277:in `[]'
/opt/chef/embedded/lib/ruby/gems/2.1.0/gems/chef-12.5.1/lib/chef/run_context/cookbook_compiler.rb:277:in `each_cookbook_dep'
/opt/chef/embedded/lib/ruby/gems/2.1.0/gems/chef-12.5.1/lib/chef/run_context/cookbook_compiler.rb:255:in `add_cookbook_with_deps'
/opt/chef/embedded/lib/ruby/gems/2.1.0/gems/chef-12.5.1/lib/chef/run_context/cookbook_compiler.rb:88:in `block in cookbook_order'
/opt/chef/embedded/lib/ruby/gems/2.1.0/gems/chef-12.5.1/lib/chef/run_context/cookbook_compiler.rb:86:in `each'
/opt/chef/embedded/lib/ruby/gems/2.1.0/gems/chef-12.5.1/lib/chef/run_context/cookbook_compiler.rb:86:in `cookbook_order'
/opt/chef/embedded/lib/ruby/gems/2.1.0/gems/chef-12.5.1/lib/chef/run_context/cookbook_compiler.rb:98:in `compile_libraries'
/opt/chef/embedded/lib/ruby/gems/2.1.0/gems/chef-12.5.1/lib/chef/run_context/cookbook_compiler.rb:71:in `compile'
/opt/chef/embedded/lib/ruby/gems/2.1.0/gems/chef-12.5.1/lib/chef/run_context.rb:158:in `load'
/opt/chef/embedded/lib/ruby/gems/2.1.0/gems/chef-12.5.1/lib/chef/policy_builder/expand_node_object.rb:91:in `setup_run_context'
/opt/chef/embedded/lib/ruby/gems/2.1.0/gems/chef-12.5.1/lib/chef/client.rb:485:in `setup_run_context'
/opt/chef/embedded/lib/ruby/gems/2.1.0/gems/chef-12.5.1/lib/chef/client.rb:266:in `run'
/opt/chef/embedded/lib/ruby/gems/2.1.0/gems/chef-12.5.1/lib/chef/application.rb:270:in `block in fork_chef_client'
/opt/chef/embedded/lib/ruby/gems/2.1.0/gems/chef-12.5.1/lib/chef/application.rb:258:in `fork'
/opt/chef/embedded/lib/ruby/gems/2.1.0/gems/chef-12.5.1/lib/chef/application.rb:258:in `fork_chef_client'
/opt/chef/embedded/lib/ruby/gems/2.1.0/gems/chef-12.5.1/lib/chef/application.rb:224:in `block in run_chef_client'
/opt/chef/embedded/lib/ruby/gems/2.1.0/gems/chef-12.5.1/lib/chef/local_mode.rb:44:in `with_server_connectivity'
/opt/chef/embedded/lib/ruby/gems/2.1.0/gems/chef-12.5.1/lib/chef/application.rb:212:in `run_chef_client'
/opt/chef/embedded/lib/ruby/gems/2.1.0/gems/chef-12.5.1/lib/chef/application/solo.rb:280:in `block in interval_run_chef_client'
/opt/chef/embedded/lib/ruby/gems/2.1.0/gems/chef-12.5.1/lib/chef/application/solo.rb:269:in `loop'
/opt/chef/embedded/lib/ruby/gems/2.1.0/gems/chef-12.5.1/lib/chef/application/solo.rb:269:in `interval_run_chef_client'
/opt/chef/embedded/lib/ruby/gems/2.1.0/gems/chef-12.5.1/lib/chef/application/solo.rb:247:in `run_application'
/opt/chef/embedded/lib/ruby/gems/2.1.0/gems/chef-12.5.1/lib/chef/application.rb:60:in `run'
/opt/chef/embedded/lib/ruby/gems/2.1.0/gems/chef-12.5.1/bin/chef-solo:25:in `<top (required)>'
/usr/bin/chef-solo:54:in `load'
/usr/bin/chef-solo:54:in `<main>'